18:51:48 **** Incremental Build of configuration Debug for project sx1276_L152RE_2 ****
make -j8 all 
arm-none-eabi-gcc "../app/rf_test.c" -mcpu=cortex-m3 -std=gnu11 -g3 -DDEBUG -DUSE_HAL_DRIVER -DSTM32L152xE -c -I../Core/Inc -I../Drivers/STM32L1xx_HAL_Driver/Inc -I../Drivers/STM32L1xx_HAL_Driver/Inc/Legacy -I../Drivers/CMSIS/Device/ST/STM32L1xx/Include -I../Drivers/CMSIS/Include -I"C:/Users/user/STM32CubeIDE/workspace_1.6.1_2/sx1276_L152RE_2/app" -I"C:/Users/user/STM32CubeIDE/workspace_1.6.1_2/sx1276_L152RE_2/app/LoRaMac-node/src/radio" -I"C:/Users/user/STM32CubeIDE/workspace_1.6.1_2/sx1276_L152RE_2/app/LoRaMac-node/src/radio/sx1276" -I../Middlewares/Third_Party/FreeRTOS/Source/include -I../Middlewares/Third_Party/FreeRTOS/Source/CMSIS_RTOS -I../Middlewares/Third_Party/FreeRTOS/Source/portable/GCC/ARM_CM3 -O0 -ffunction-sections -fdata-sections -Wall -fstack-usage -MMD -MP -MF"app/rf_test.d" -MT"app/rf_test.o" --specs=nano.specs -mfloat-abi=soft -mthumb -o "app/rf_test.o"
../app/rf_test.c:18:17: warning: 'Error' defined but not used [-Wunused-variable]
   18 | static uint32_t Error = 0;
      |                 ^~~~~
../app/rf_test.c:17:17: warning: 'prevSend' defined but not used [-Wunused-variable]
   17 | static uint32_t prevSend = 0;
      |                 ^~~~~~~~
arm-none-eabi-gcc -o "sx1276_L152RE_2.elf" @"objects.list"   -mcpu=cortex-m3 -T"C:\Users\user\STM32CubeIDE\workspace_1.6.1_2\sx1276_L152RE_2\STM32L152RETX_FLASH.ld" --specs=nosys.specs -Wl,-Map="sx1276_L152RE_2.map" -Wl,--gc-sections -static --specs=nano.specs -mfloat-abi=soft -mthumb -Wl,--start-group -lc -lm -Wl,--end-group
Finished building target: sx1276_L152RE_2.elf
 
arm-none-eabi-objdump -h -S  sx1276_L152RE_2.elf  > "sx1276_L152RE_2.list"
arm-none-eabi-objcopy  -O binary  sx1276_L152RE_2.elf  "sx1276_L152RE_2.bin"
arm-none-eabi-size   sx1276_L152RE_2.elf 
   text	   data	    bss	    dec	    hex	filename
  40836	    152	   6752	  47740	   ba7c	sx1276_L152RE_2.elf
Finished building: default.size.stdout
 
Finished building: sx1276_L152RE_2.bin
 
Finished building: sx1276_L152RE_2.list
 

18:51:50 Build Finished. 0 errors, 2 warnings. (took 1s.971ms)

